# JRE version: Java(TM) SE Runtime Environment (17.0.12+8) (build 17.0.12+8-LTS-286)
# Java VM: Java HotSpot(TM) 64-Bit Server VM (17.0.12+8-LTS-286, mixed mode, sharing, tiered, compressed oops, compressed class ptrs, g1 gc, windows-amd64)
GC Precious Log:
 CPUs: 8 total, 8 available
 Memory: 6030M
 Large Page Support: Disabled
 NUMA Support: Disabled
 Compressed Oops: Enabled (32-bit)
 Heap Region Size: 1M
 Heap Min Capacity: 256M
 Heap Initial Capacity: 256M
 Heap Max Capacity: 512M
 Pre-touch: Disabled
 Parallel Workers: 8
 Concurrent Workers: 2
 Concurrent Refinement Workers: 8
 Periodic GC: Disabled
Heap:
 garbage-first heap   total 262144K, used 98256K [0x00000000e0000000, 0x0000000100000000)
  region size 1024K, 67 young (68608K), 1 survivors (1024K)
 Metaspace       used 43422K, committed 43904K, reserved 393216K
  class space    used 6054K, committed 6272K, reserved 327680K
GC Heap History (14 events):
Event: 4.848 GC heap before
{Heap before GC invocations=0 (full 0):
 garbage-first heap   total 262144K, used 22528K [0x00000000e0000000, 0x0000000100000000)
  region size 1024K, 23 young (23552K), 0 survivors (0K)
 Metaspace       used 1069K, committed 1216K, reserved 393216K
  class space    used 72K, committed 128K, reserved 327680K
}
Event: 4.860 GC heap after
{Heap after GC invocations=1 (full 0):
 garbage-first heap   total 262144K, used 2261K [0x00000000e0000000, 0x0000000100000000)
  region size 1024K, 3 young (3072K), 3 survivors (3072K)
 Metaspace       used 1069K, committed 1216K, reserved 393216K
  class space    used 72K, committed 128K, reserved 327680K
}
Event: 12.648 GC heap before
{Heap before GC invocations=1 (full 0):
 garbage-first heap   total 262144K, used 40149K [0x00000000e0000000, 0x0000000100000000)
  region size 1024K, 38 young (38912K), 3 survivors (3072K)
 Metaspace       used 4387K, committed 4544K, reserved 393216K
  class space    used 547K, committed 640K, reserved 327680K
}
Event: 12.660 GC heap after
{Heap after GC invocations=2 (full 0):
 garbage-first heap   total 262144K, used 11028K [0x00000000e0000000, 0x0000000100000000)
  region size 1024K, 5 young (5120K), 5 survivors (5120K)
 Metaspace       used 4387K, committed 4544K, reserved 393216K
  class space    used 547K, committed 640K, reserved 327680K
}
Event: 17.432 GC heap before
{Heap before GC invocations=2 (full 0):
 garbage-first heap   total 262144K, used 57108K [0x00000000e0000000, 0x0000000100000000)
  region size 1024K, 48 young (49152K), 5 survivors (5120K)
 Metaspace       used 4599K, committed 4800K, reserved 393216K
  class space    used 570K, committed 640K, reserved 327680K
}
Event: 17.446 GC heap after
{Heap after GC invocations=3 (full 0):
 garbage-first heap   total 262144K, used 16299K [0x00000000e0000000, 0x0000000100000000)
  region size 1024K, 4 young (4096K), 4 survivors (4096K)
 Metaspace       used 4599K, committed 4800K, reserved 393216K
  class space    used 570K, committed 640K, reserved 327680K
}
Event: 39.798 GC heap before
{Heap before GC invocations=3 (full 0):
 garbage-first heap   total 262144K, used 125867K [0x00000000e0000000, 0x0000000100000000)
  region size 1024K, 112 young (114688K), 4 survivors (4096K)
 Metaspace       used 21171K, committed 21504K, reserved 393216K
  class space    used 3060K, committed 3264K, reserved 327680K
}
Event: 39.855 GC heap after
{Heap after GC invocations=4 (full 0):
 garbage-first heap   total 262144K, used 24077K [0x00000000e0000000, 0x0000000100000000)
  region size 1024K, 12 young (12288K), 12 survivors (12288K)
 Metaspace       used 21171K, committed 21504K, reserved 393216K
  class space    used 3060K, committed 3264K, reserved 327680K
}
Event: 70.291 GC heap before
{Heap before GC invocations=5 (full 0):
 garbage-first heap   total 262144K, used 142861K [0x00000000e0000000, 0x0000000100000000)
  region size 1024K, 125 young (128000K), 12 survivors (12288K)
 Metaspace       used 35520K, committed 35968K, reserved 393216K
  class space    used 4917K, committed 5120K, reserved 327680K
}
Event: 70.340 GC heap after
{Heap after GC invocations=6 (full 0):
 garbage-first heap   total 262144K, used 32101K [0x00000000e0000000, 0x0000000100000000)
  region size 1024K, 16 young (16384K), 16 survivors (16384K)
 Metaspace       used 35520K, committed 35968K, reserved 393216K
  class space    used 4917K, committed 5120K, reserved 327680K
}
Event: 70.462 GC heap before
{Heap before GC invocations=6 (full 0):
 garbage-first heap   total 262144K, used 33125K [0x00000000e0000000, 0x0000000100000000)
  region size 1024K, 17 young (17408K), 16 survivors (16384K)
 Metaspace       used 35665K, committed 36096K, reserved 393216K
  class space    used 4940K, committed 5120K, reserved 327680K
}
Event: 70.493 GC heap after
{Heap after GC invocations=7 (full 0):
 garbage-first heap   total 262144K, used 32404K [0x00000000e0000000, 0x0000000100000000)
  region size 1024K, 2 young (2048K), 2 survivors (2048K)
 Metaspace       used 35665K, committed 36096K, reserved 393216K
  class space    used 4940K, committed 5120K, reserved 327680K
}
Event: 70.767 GC heap before
{Heap before GC invocations=7 (full 0):
 garbage-first heap   total 262144K, used 33428K [0x00000000e0000000, 0x0000000100000000)
  region size 1024K, 4 young (4096K), 2 survivors (2048K)
 Metaspace       used 35857K, committed 36288K, reserved 393216K
  class space    used 4976K, committed 5184K, reserved 327680K
}
Event: 70.773 GC heap after
{Heap after GC invocations=8 (full 0):
 garbage-first heap   total 262144K, used 30672K [0x00000000e0000000, 0x0000000100000000)
  region size 1024K, 1 young (1024K), 1 survivors (1024K)
 Metaspace       used 35857K, committed 36288K, reserved 393216K
  class space    used 4976K, committed 5184K, reserved 327680K
}

